2016-02-25T18:45:52.633-0600 I CONTROL  [initandlisten] MongoDB starting : pid=23760 port=27017 dbpath=/data/mongodb-data 64-bit host=ccrg-data
2016-02-25T18:45:52.634-0600 I CONTROL  [initandlisten] db version v3.2.3
2016-02-25T18:45:52.634-0600 I CONTROL  [initandlisten] git version: b326ba837cf6f49d65c2f85e1b70f6f31ece7937
2016-02-25T18:45:52.634-0600 I CONTROL  [initandlisten] OpenSSL version: OpenSSL 1.0.2d 9 Jul 2015
2016-02-25T18:45:52.634-0600 I CONTROL  [initandlisten] allocator: tcmalloc
2016-02-25T18:45:52.634-0600 I CONTROL  [initandlisten] modules: none
2016-02-25T18:45:52.634-0600 I CONTROL  [initandlisten] build environment:
2016-02-25T18:45:52.634-0600 I CONTROL  [initandlisten]     distmod: ubuntu1404
2016-02-25T18:45:52.634-0600 I CONTROL  [initandlisten]     distarch: x86_64
2016-02-25T18:45:52.634-0600 I CONTROL  [initandlisten]     target_arch: x86_64
2016-02-25T18:45:52.634-0600 I CONTROL  [initandlisten] options: { processManagement: { fork: true }, storage: { dbPath: "/data/mongodb-data" }, systemLog: { destination: "file", path: "./mongo.log" } }
2016-02-25T18:45:52.658-0600 I -        [initandlisten] Detected data files in /data/mongodb-data created by the 'wiredTiger' storage engine, so setting the active storage engine to 'wiredTiger'.
2016-02-25T18:45:52.658-0600 I STORAGE  [initandlisten] wiredtiger_open config: create,cache_size=1G,session_max=20000,eviction=(threads_max=4),config_base=false,statistics=(fast),log=(enabled=true,archive=true,path=journal,compressor=snappy),file_manager=(close_idle_time=100000),checkpoint=(wait=60,log_size=2GB),statistics_log=(wait=0),
2016-02-25T18:45:53.033-0600 I CONTROL  [initandlisten] 
2016-02-25T18:45:53.033-0600 I CONTROL  [initandlisten] ** WARNING: /sys/kernel/mm/transparent_hugepage/enabled is 'always'.
2016-02-25T18:45:53.033-0600 I CONTROL  [initandlisten] **        We suggest setting it to 'never'
2016-02-25T18:45:53.033-0600 I CONTROL  [initandlisten] 
2016-02-25T18:45:53.033-0600 I CONTROL  [initandlisten] ** WARNING: /sys/kernel/mm/transparent_hugepage/defrag is 'always'.
2016-02-25T18:45:53.033-0600 I CONTROL  [initandlisten] **        We suggest setting it to 'never'
2016-02-25T18:45:53.033-0600 I CONTROL  [initandlisten] 
2016-02-25T18:45:53.033-0600 I CONTROL  [initandlisten] ** WARNING: soft rlimits too low. rlimits set to 3836 processes, 65536 files. Number of processes should be at least 32768 : 0.5 times number of files.
2016-02-25T18:45:53.033-0600 I CONTROL  [initandlisten] 
2016-02-25T18:45:53.035-0600 I FTDC     [initandlisten] Initializing full-time diagnostic data capture with directory '/data/mongodb-data/diagnostic.data'
2016-02-25T18:45:53.036-0600 I NETWORK  [HostnameCanonicalizationWorker] Starting hostname canonicalization worker
2016-02-25T18:45:53.080-0600 I NETWORK  [initandlisten] waiting for connections on port 27017
2016-02-25T18:54:48.785-0600 I NETWORK  [initandlisten] connection accepted from 127.0.0.1:41034 #1 (1 connection now open)
2016-02-25T18:54:55.600-0600 I NETWORK  [conn1] end connection 127.0.0.1:41034 (0 connections now open)
2016-02-26T11:23:53.531-0600 I COMMAND  [PeriodicTaskRunner] task: DBConnectionPool-cleaner took: 118ms
2016-02-26T11:24:53.932-0600 I COMMAND  [PeriodicTaskRunner] task: DBConnectionPool-cleaner took: 106ms
2016-02-26T11:25:54.699-0600 I COMMAND  [PeriodicTaskRunner] task: DBConnectionPool-cleaner took: 151ms
2016-02-26T11:25:55.125-0600 I COMMAND  [PeriodicTaskRunner] task: UnusedLockCleaner took: 104ms
2016-02-26T11:30:55.607-0600 I COMMAND  [PeriodicTaskRunner] task: DBConnectionPool-cleaner took: 211ms
2016-02-26T11:33:55.845-0600 I COMMAND  [PeriodicTaskRunner] task: UnusedLockCleaner took: 112ms
2016-02-26T11:37:38.735-0600 I CONTROL  [signalProcessingThread] got signal 15 (Terminated), will terminate after current cmd ends
2016-02-26T11:37:38.735-0600 I FTDC     [signalProcessingThread] Shutting down full-time diagnostic data capture
2016-02-26T11:37:38.778-0600 I CONTROL  [signalProcessingThread] now exiting
2016-02-26T11:37:38.778-0600 I NETWORK  [signalProcessingThread] shutdown: going to close listening sockets...
2016-02-26T11:37:38.778-0600 I NETWORK  [signalProcessingThread] closing listening socket: 6
2016-02-26T11:37:38.778-0600 I NETWORK  [signalProcessingThread] closing listening socket: 7
2016-02-26T11:37:38.778-0600 I NETWORK  [signalProcessingThread] removing socket file: /tmp/mongodb-27017.sock
2016-02-26T11:37:38.778-0600 I NETWORK  [signalProcessingThread] shutdown: going to flush diaglog...
2016-02-26T11:37:38.778-0600 I NETWORK  [signalProcessingThread] shutdown: going to close sockets...
2016-02-26T11:37:38.778-0600 I STORAGE  [signalProcessingThread] WiredTigerKVEngine shutting down
2016-02-26T11:37:38.927-0600 I STORAGE  [signalProcessingThread] shutdown: removing fs lock...
2016-02-26T11:37:38.927-0600 I CONTROL  [signalProcessingThread] dbexit:  rc: 0
